TN:
SF:src/logger.js
FNF:0
FNH:0
DA:1,1
DA:2,1
DA:3,1
DA:4,1
DA:5,1
DA:6,1
DA:7,1
DA:8,1
DA:9,1
DA:10,1
LF:10
LH:10
BRF:0
BRH:0
end_of_record
TN:
SF:src/routes.js
FN:1,Routes
FN:1,setSocketInstance
FN:3,defaultRoute
FN:13,options
FN:17,post
FN:22,get
FN:27,handler
FNF:7
FNH:4
FNDA:2,Routes
FNDA:1,setSocketInstance
FNDA:1,defaultRoute
FNDA:0,options
FNDA:0,post
FNDA:0,get
FNDA:1,handler
DA:1,1
DA:2,1
DA:3,1
DA:4,1
DA:5,1
DA:6,1
DA:7,1
DA:8,1
DA:9,1
DA:10,1
DA:11,1
DA:12,1
DA:13,1
DA:14,0
DA:15,0
DA:16,0
DA:17,1
DA:18,0
DA:19,0
DA:20,0
DA:21,0
DA:22,1
DA:23,0
DA:24,0
DA:25,0
DA:26,1
DA:27,1
DA:28,1
DA:29,1
DA:30,1
DA:31,1
DA:32,1
DA:33,1
DA:34,1
DA:35,1
DA:36,1
DA:37,1
LF:37
LH:27
BRDA:1,0,0,2
BRDA:1,1,0,1
BRDA:3,2,0,1
BRDA:27,3,0,1
BRF:4
BRH:4
end_of_record
